\BOOKMARK [1][-]{section.1}{\376\377\173\200\116\313}{}% 1
\BOOKMARK [2][-]{subsection.1.1}{\376\377\166\356\166\204}{section.1}% 2
\BOOKMARK [2][-]{subsection.1.2}{\376\377\203\003\126\364}{section.1}% 3
\BOOKMARK [2][-]{subsection.1.3}{\376\377\133\232\116\111\060\001\231\226\133\127\153\315\177\051\121\231\213\315\124\214\177\051\165\145\213\355}{section.1}% 4
\BOOKMARK [2][-]{subsection.1.4}{\376\377\123\302\200\003\215\104\145\231}{section.1}% 5
\BOOKMARK [1][-]{section.2}{\376\377\133\232\117\115}{}% 6
\BOOKMARK [2][-]{subsection.2.1}{\376\377\125\106\147\072}{section.2}% 7
\BOOKMARK [2][-]{subsection.2.2}{\376\377\225\356\230\230\213\364\146\016}{section.2}% 8
\BOOKMARK [2][-]{subsection.2.3}{\376\377\116\247\124\301\133\232\117\115\213\364\146\016}{section.2}% 9
\BOOKMARK [1][-]{section.3}{\376\377\155\211\117\027\124\214\165\050\142\067\213\364\146\016}{}% 10
\BOOKMARK [2][-]{subsection.3.1}{\376\377\136\002\127\072\176\337\213\241}{section.3}% 11
\BOOKMARK [2][-]{subsection.3.2}{\376\377\155\211\117\027\151\202\211\201}{section.3}% 12
\BOOKMARK [2][-]{subsection.3.3}{\376\377\165\050\142\067\151\202\211\201}{section.3}% 13
\BOOKMARK [2][-]{subsection.3.4}{\376\377\121\163\225\056\155\211\117\027\000/\165\050\142\067\227\000\211\201}{section.3}% 14
\BOOKMARK [2][-]{subsection.3.5}{\376\377\131\007\220\011\145\271\150\110\124\214\172\336\116\211}{section.3}% 15
\BOOKMARK [1][-]{section.4}{\376\377\116\247\124\301\151\202\217\360}{}% 16
\BOOKMARK [2][-]{subsection.4.1}{\376\377\116\247\124\301\140\073\117\123\145\110\147\234}{section.4}% 17
\BOOKMARK [2][-]{subsection.4.2}{\376\377\122\237\200\375\144\130\211\201}{section.4}% 18
\BOOKMARK [2][-]{subsection.4.3}{\376\377\120\107\213\276\116\016\117\235\215\126\121\163\174\373}{section.4}% 19
\BOOKMARK [1][-]{section.5}{\376\377\116\247\124\301\162\171\140\047}{}% 20
\BOOKMARK [2][-]{subsection.5.1}{\376\377\116\323\136\223\143\245\121\145\116\016\173\241\164\006}{section.5}% 21
\BOOKMARK [2][-]{subsection.5.2}{\376\377\167\345\213\306\136\223\147\204\136\372}{section.5}% 22
\BOOKMARK [2][-]{subsection.5.3}{\376\377\146\172\200\375\225\356\173\124}{section.5}% 23
\BOOKMARK [2][-]{subsection.5.4}{\376\377\000I\000s\000s\000u\000e\000\040\146\172\200\375\122\006\147\220}{section.5}% 24
\BOOKMARK [2][-]{subsection.5.5}{\376\377\000I\000s\000s\000u\000e\000\040\201\352\122\250\117\356\131\015\116\016\123\330\146\364\165\037\142\020\377\010\217\333\226\066\377\011}{section.5}% 25
\BOOKMARK [2][-]{subsection.5.6}{\376\377\225\177\147\037\213\260\137\306\116\016\133\146\116\140\377\010\217\333\226\066\377\011}{section.5}% 26
\BOOKMARK [2][-]{subsection.5.7}{\376\377\000F\000A\000Q\000\040\167\345\213\306\136\223\377\010\217\333\226\066\377\011}{section.5}% 27
\BOOKMARK [1][-]{section.6}{\376\377\176\246\147\137}{}% 28
\BOOKMARK [1][-]{section.7}{\376\377\215\050\221\317\134\136\140\047}{}% 29
\BOOKMARK [1][-]{section.8}{\376\377\117\030\121\110\176\247}{}% 30
\BOOKMARK [1][-]{section.9}{\376\377\121\166\116\326\116\247\124\301\227\000\154\102}{}% 31
\BOOKMARK [2][-]{subsection.9.1}{\376\377\220\002\165\050\166\204\150\007\121\306}{section.9}% 32
\BOOKMARK [2][-]{subsection.9.2}{\376\377\174\373\176\337\227\000\154\102}{section.9}% 33
\BOOKMARK [2][-]{subsection.9.3}{\376\377\122\115\172\357\142\200\147\057\220\011\127\213}{section.9}% 34
\BOOKMARK [2][-]{subsection.9.4}{\376\377\163\257\130\203\227\000\154\102}{section.9}% 35
\BOOKMARK [1][-]{section.10}{\376\377\145\207\150\143\227\000\154\102}{}% 36
\BOOKMARK [2][-]{subsection.10.1}{\376\377\165\050\142\067\142\113\121\214}{section.10}% 37
\BOOKMARK [2][-]{subsection.10.2}{\376\377\200\124\147\072\136\056\122\251}{section.10}% 38
\BOOKMARK [2][-]{subsection.10.3}{\376\377\133\211\210\305\143\007\123\127\116\016\201\352\217\360\145\207\116\366}{section.10}% 39
